  Application.cpp
C:\Users\WHK\source\repos\lab06sample\doubleLinklist\DoublyIterator.h(44,10): error C2027: 정의되지 않은 형식 'DoublyNodeType<ItemType>'을(를) 사용했습니다.
  (소스 파일 'Application.cpp'을(를) 컴파일하는 중)
  C:\Users\WHK\source\repos\lab06sample\doubleLinklist\DoublyIterator.h(31,2):
  'DoublyNodeType<ItemType>' 선언을 참조하십시오.
  
C:\Users\WHK\source\repos\lab06sample\doubleLinklist\DoublyIterator.h(49,9): error C2027: 정의되지 않은 형식 'DoublySortedLinkedList<ItemType>'을(를) 사용했습니다.
  (소스 파일 'Application.cpp'을(를) 컴파일하는 중)
  C:\Users\WHK\source\repos\lab06sample\doubleLinklist\DoublyIterator.h(33,8):
  'DoublySortedLinkedList<ItemType>' 선언을 참조하십시오.
  
C:\Users\WHK\source\repos\lab06sample\doubleLinklist\DoublyIterator.h(54,18): error C2027: 정의되지 않은 형식 'DoublyNodeType<ItemType>'을(를) 사용했습니다.
  (소스 파일 'Application.cpp'을(를) 컴파일하는 중)
  C:\Users\WHK\source\repos\lab06sample\doubleLinklist\DoublyIterator.h(31,2):
  'DoublyNodeType<ItemType>' 선언을 참조하십시오.
  
C:\Users\WHK\source\repos\lab06sample\doubleLinklist\DoublyIterator.h(55,9): error C2027: 정의되지 않은 형식 'DoublyNodeType<ItemType>'을(를) 사용했습니다.
  (소스 파일 'Application.cpp'을(를) 컴파일하는 중)
  C:\Users\WHK\source\repos\lab06sample\doubleLinklist\DoublyIterator.h(31,2):
  'DoublyNodeType<ItemType>' 선언을 참조하십시오.
  
C:\Users\WHK\source\repos\lab06sample\doubleLinklist\DoublyIterator.h(58,52): error C2027: 정의되지 않은 형식 'DoublyNodeType<ItemType>'을(를) 사용했습니다.
  (소스 파일 'Application.cpp'을(를) 컴파일하는 중)
  C:\Users\WHK\source\repos\lab06sample\doubleLinklist\DoublyIterator.h(31,2):
  'DoublyNodeType<ItemType>' 선언을 참조하십시오.
  
C:\Users\WHK\source\repos\lab06sample\doubleLinklist\DoublyIterator.h(58,52): error C2079: 'DoublyIterator<ItemType>::GetCurrentNode'은(는) 정의되지 않은 struct 'DoublyNodeType<ItemType>'을(를) 사용합니다.
  (소스 파일 'Application.cpp'을(를) 컴파일하는 중)
  
C:\Users\WHK\source\repos\lab06sample\doubleLinklist\Application.cpp(111,2): error C2679: 이항 '=': 오른쪽 피연산자로 'ItemType' 형식을 사용하는 연산자가 없거나 허용되는 변환이 없습니다.
  C:\Users\WHK\source\repos\lab06sample\doubleLinklist\ItemType.h(279,12):
  'ItemType &ItemType::operator =(ItemType &)'일 수 있습니다.
  C:\Users\WHK\source\repos\lab06sample\doubleLinklist\Application.cpp(111,2):
  인수 목록 '(ItemType, ItemType)'을(를) 일치시키는 동안
  
C:\Users\WHK\source\repos\lab06sample\doubleLinklist\Application.cpp(115,3): error C2679: 이항 '=': 오른쪽 피연산자로 'ItemType' 형식을 사용하는 연산자가 없거나 허용되는 변환이 없습니다.
  C:\Users\WHK\source\repos\lab06sample\doubleLinklist\ItemType.h(279,12):
  'ItemType &ItemType::operator =(ItemType &)'일 수 있습니다.
  C:\Users\WHK\source\repos\lab06sample\doubleLinklist\Application.cpp(115,3):
  인수 목록 '(ItemType, ItemType)'을(를) 일치시키는 동안
  
C:\Users\WHK\source\repos\lab06sample\doubleLinklist\Application.cpp(189,2): error C2679: 이항 '=': 오른쪽 피연산자로 'ItemType' 형식을 사용하는 연산자가 없거나 허용되는 변환이 없습니다.
  C:\Users\WHK\source\repos\lab06sample\doubleLinklist\ItemType.h(279,12):
  'ItemType &ItemType::operator =(ItemType &)'일 수 있습니다.
  C:\Users\WHK\source\repos\lab06sample\doubleLinklist\Application.cpp(189,2):
  인수 목록 '(ItemType, ItemType)'을(를) 일치시키는 동안
  
C:\Users\WHK\source\repos\lab06sample\doubleLinklist\Application.cpp(193,3): error C2679: 이항 '=': 오른쪽 피연산자로 'ItemType' 형식을 사용하는 연산자가 없거나 허용되는 변환이 없습니다.
  C:\Users\WHK\source\repos\lab06sample\doubleLinklist\ItemType.h(279,12):
  'ItemType &ItemType::operator =(ItemType &)'일 수 있습니다.
  C:\Users\WHK\source\repos\lab06sample\doubleLinklist\Application.cpp(193,3):
  인수 목록 '(ItemType, ItemType)'을(를) 일치시키는 동안
  
C:\Users\WHK\source\repos\lab06sample\doubleLinklist\Application.cpp(279,2): error C2679: 이항 '=': 오른쪽 피연산자로 'ItemType' 형식을 사용하는 연산자가 없거나 허용되는 변환이 없습니다.
  C:\Users\WHK\source\repos\lab06sample\doubleLinklist\ItemType.h(279,12):
  'ItemType &ItemType::operator =(ItemType &)'일 수 있습니다.
  C:\Users\WHK\source\repos\lab06sample\doubleLinklist\Application.cpp(279,2):
  인수 목록 '(ItemType, ItemType)'을(를) 일치시키는 동안
  
C:\Users\WHK\source\repos\lab06sample\doubleLinklist\Application.cpp(286,4): error C2679: 이항 '=': 오른쪽 피연산자로 'ItemType' 형식을 사용하는 연산자가 없거나 허용되는 변환이 없습니다.
  C:\Users\WHK\source\repos\lab06sample\doubleLinklist\ItemType.h(279,12):
  'ItemType &ItemType::operator =(ItemType &)'일 수 있습니다.
  C:\Users\WHK\source\repos\lab06sample\doubleLinklist\Application.cpp(286,4):
  인수 목록 '(ItemType, ItemType)'을(를) 일치시키는 동안
  
C:\Users\WHK\source\repos\lab06sample\doubleLinklist\Application.cpp(289,4): error C2679: 이항 '=': 오른쪽 피연산자로 'ItemType' 형식을 사용하는 연산자가 없거나 허용되는 변환이 없습니다.
  C:\Users\WHK\source\repos\lab06sample\doubleLinklist\ItemType.h(279,12):
  'ItemType &ItemType::operator =(ItemType &)'일 수 있습니다.
  C:\Users\WHK\source\repos\lab06sample\doubleLinklist\Application.cpp(289,4):
  인수 목록 '(ItemType, ItemType)'을(를) 일치시키는 동안
  
  DoublySortedLinkedList.cpp
C:\Users\WHK\source\repos\lab06sample\doubleLinklist\DoublyIterator.h(44,10): error C2027: 정의되지 않은 형식 'DoublyNodeType<ItemType>'을(를) 사용했습니다.
  (소스 파일 'DoublySortedLinkedList.cpp'을(를) 컴파일하는 중)
  C:\Users\WHK\source\repos\lab06sample\doubleLinklist\DoublyIterator.h(31,2):
  'DoublyNodeType<ItemType>' 선언을 참조하십시오.
  
C:\Users\WHK\source\repos\lab06sample\doubleLinklist\DoublyIterator.h(49,9): error C2027: 정의되지 않은 형식 'DoublySortedLinkedList<ItemType>'을(를) 사용했습니다.
  (소스 파일 'DoublySortedLinkedList.cpp'을(를) 컴파일하는 중)
  C:\Users\WHK\source\repos\lab06sample\doubleLinklist\DoublyIterator.h(33,8):
  'DoublySortedLinkedList<ItemType>' 선언을 참조하십시오.
  
C:\Users\WHK\source\repos\lab06sample\doubleLinklist\DoublyIterator.h(54,18): error C2027: 정의되지 않은 형식 'DoublyNodeType<ItemType>'을(를) 사용했습니다.
  (소스 파일 'DoublySortedLinkedList.cpp'을(를) 컴파일하는 중)
  C:\Users\WHK\source\repos\lab06sample\doubleLinklist\DoublyIterator.h(31,2):
  'DoublyNodeType<ItemType>' 선언을 참조하십시오.
  
C:\Users\WHK\source\repos\lab06sample\doubleLinklist\DoublyIterator.h(55,9): error C2027: 정의되지 않은 형식 'DoublyNodeType<ItemType>'을(를) 사용했습니다.
  (소스 파일 'DoublySortedLinkedList.cpp'을(를) 컴파일하는 중)
  C:\Users\WHK\source\repos\lab06sample\doubleLinklist\DoublyIterator.h(31,2):
  'DoublyNodeType<ItemType>' 선언을 참조하십시오.
  
C:\Users\WHK\source\repos\lab06sample\doubleLinklist\DoublyIterator.h(58,52): error C2027: 정의되지 않은 형식 'DoublyNodeType<ItemType>'을(를) 사용했습니다.
  (소스 파일 'DoublySortedLinkedList.cpp'을(를) 컴파일하는 중)
  C:\Users\WHK\source\repos\lab06sample\doubleLinklist\DoublyIterator.h(31,2):
  'DoublyNodeType<ItemType>' 선언을 참조하십시오.
  
C:\Users\WHK\source\repos\lab06sample\doubleLinklist\DoublyIterator.h(58,52): error C2079: 'DoublyIterator<ItemType>::GetCurrentNode'은(는) 정의되지 않은 struct 'DoublyNodeType<ItemType>'을(를) 사용합니다.
  (소스 파일 'DoublySortedLinkedList.cpp'을(를) 컴파일하는 중)
  
C:\Users\WHK\source\repos\lab06sample\doubleLinklist\DoublySortedLinkedList.cpp(26,2): error C3861: 'TempPtr': 식별자를 찾을 수 없습니다.
C:\Users\WHK\source\repos\lab06sample\doubleLinklist\DoublySortedLinkedList.cpp(27,10): error C2065: 'TempPtr': 선언되지 않은 식별자입니다.
C:\Users\WHK\source\repos\lab06sample\doubleLinklist\DoublySortedLinkedList.cpp(27,10): error C3861: 'TempPtr': 식별자를 찾을 수 없습니다.
C:\Users\WHK\source\repos\lab06sample\doubleLinklist\DoublySortedLinkedList.cpp(26,2): error C2065: 'TempPtr': 선언되지 않은 식별자입니다.
  main.cpp
C:\Users\WHK\source\repos\lab06sample\doubleLinklist\DoublyIterator.h(44,10): error C2027: 정의되지 않은 형식 'DoublyNodeType<ItemType>'을(를) 사용했습니다.
  (소스 파일 'main.cpp'을(를) 컴파일하는 중)
  C:\Users\WHK\source\repos\lab06sample\doubleLinklist\DoublyIterator.h(31,2):
  'DoublyNodeType<ItemType>' 선언을 참조하십시오.
  
C:\Users\WHK\source\repos\lab06sample\doubleLinklist\DoublyIterator.h(49,9): error C2027: 정의되지 않은 형식 'DoublySortedLinkedList<ItemType>'을(를) 사용했습니다.
  (소스 파일 'main.cpp'을(를) 컴파일하는 중)
  C:\Users\WHK\source\repos\lab06sample\doubleLinklist\DoublyIterator.h(33,8):
  'DoublySortedLinkedList<ItemType>' 선언을 참조하십시오.
  
C:\Users\WHK\source\repos\lab06sample\doubleLinklist\DoublyIterator.h(54,18): error C2027: 정의되지 않은 형식 'DoublyNodeType<ItemType>'을(를) 사용했습니다.
  (소스 파일 'main.cpp'을(를) 컴파일하는 중)
  C:\Users\WHK\source\repos\lab06sample\doubleLinklist\DoublyIterator.h(31,2):
  'DoublyNodeType<ItemType>' 선언을 참조하십시오.
  
C:\Users\WHK\source\repos\lab06sample\doubleLinklist\DoublyIterator.h(55,9): error C2027: 정의되지 않은 형식 'DoublyNodeType<ItemType>'을(를) 사용했습니다.
  (소스 파일 'main.cpp'을(를) 컴파일하는 중)
  C:\Users\WHK\source\repos\lab06sample\doubleLinklist\DoublyIterator.h(31,2):
  'DoublyNodeType<ItemType>' 선언을 참조하십시오.
  
C:\Users\WHK\source\repos\lab06sample\doubleLinklist\DoublyIterator.h(58,52): error C2027: 정의되지 않은 형식 'DoublyNodeType<ItemType>'을(를) 사용했습니다.
  (소스 파일 'main.cpp'을(를) 컴파일하는 중)
  C:\Users\WHK\source\repos\lab06sample\doubleLinklist\DoublyIterator.h(31,2):
  'DoublyNodeType<ItemType>' 선언을 참조하십시오.
  
C:\Users\WHK\source\repos\lab06sample\doubleLinklist\DoublyIterator.h(58,52): error C2079: 'DoublyIterator<ItemType>::GetCurrentNode'은(는) 정의되지 않은 struct 'DoublyNodeType<ItemType>'을(를) 사용합니다.
  (소스 파일 'main.cpp'을(를) 컴파일하는 중)
  
  코드를 생성하고 있습니다...
