  main.cpp
  SumSquare.hpp
C:\Users\WHK\source\repos\Lab07\exercise12\LinkedList.hpp(78,12): error C3861: 'NULL': 식별자를 찾을 수 없습니다.
  (소스 파일 'SumSquare.hpp'을(를) 컴파일하는 중)
  
C:\Users\WHK\source\repos\Lab07\exercise12\LinkedList.hpp(79,18): error C3861: 'NULL': 식별자를 찾을 수 없습니다.
  (소스 파일 'SumSquare.hpp'을(를) 컴파일하는 중)
  
C:\Users\WHK\source\repos\Lab07\exercise12\LinkedList.hpp(78,12): error C2065: 'NULL': 선언되지 않은 식별자입니다.
  (소스 파일 'SumSquare.hpp'을(를) 컴파일하는 중)
  
C:\Users\WHK\source\repos\Lab07\exercise12\LinkedList.hpp(79,18): error C2065: 'NULL': 선언되지 않은 식별자입니다.
  (소스 파일 'SumSquare.hpp'을(를) 컴파일하는 중)
  
C:\Users\WHK\source\repos\Lab07\exercise12\LinkedList.hpp(100,20): error C3861: 'NULL': 식별자를 찾을 수 없습니다.
  (소스 파일 'SumSquare.hpp'을(를) 컴파일하는 중)
  
C:\Users\WHK\source\repos\Lab07\exercise12\LinkedList.hpp(100,20): error C2065: 'NULL': 선언되지 않은 식별자입니다.
  (소스 파일 'SumSquare.hpp'을(를) 컴파일하는 중)
  
C:\Users\WHK\source\repos\Lab07\exercise12\LinkedList.hpp(134,15): error C3861: 'NULL': 식별자를 찾을 수 없습니다.
  (소스 파일 'SumSquare.hpp'을(를) 컴파일하는 중)
  
C:\Users\WHK\source\repos\Lab07\exercise12\LinkedList.hpp(154,31): error C3861: 'NULL': 식별자를 찾을 수 없습니다.
  (소스 파일 'SumSquare.hpp'을(를) 컴파일하는 중)
  
C:\Users\WHK\source\repos\Lab07\exercise12\LinkedList.hpp(134,15): error C2065: 'NULL': 선언되지 않은 식별자입니다.
  (소스 파일 'SumSquare.hpp'을(를) 컴파일하는 중)
  
C:\Users\WHK\source\repos\Lab07\exercise12\LinkedList.hpp(154,31): error C2065: 'NULL': 선언되지 않은 식별자입니다.
  (소스 파일 'SumSquare.hpp'을(를) 컴파일하는 중)
  
C:\Users\WHK\source\repos\Lab07\exercise12\LinkedList.hpp(178,30): error C3861: 'NULL': 식별자를 찾을 수 없습니다.
  (소스 파일 'SumSquare.hpp'을(를) 컴파일하는 중)
  
C:\Users\WHK\source\repos\Lab07\exercise12\LinkedList.hpp(190,32): error C3861: 'NULL': 식별자를 찾을 수 없습니다.
  (소스 파일 'SumSquare.hpp'을(를) 컴파일하는 중)
  
C:\Users\WHK\source\repos\Lab07\exercise12\LinkedList.hpp(178,30): error C2065: 'NULL': 선언되지 않은 식별자입니다.
  (소스 파일 'SumSquare.hpp'을(를) 컴파일하는 중)
  
C:\Users\WHK\source\repos\Lab07\exercise12\LinkedList.hpp(190,32): error C2065: 'NULL': 선언되지 않은 식별자입니다.
  (소스 파일 'SumSquare.hpp'을(를) 컴파일하는 중)
  
C:\Users\WHK\source\repos\Lab07\exercise12\LinkedList.hpp(206,18): error C3861: 'NULL': 식별자를 찾을 수 없습니다.
  (소스 파일 'SumSquare.hpp'을(를) 컴파일하는 중)
  
C:\Users\WHK\source\repos\Lab07\exercise12\LinkedList.hpp(206,18): error C2065: 'NULL': 선언되지 않은 식별자입니다.
  (소스 파일 'SumSquare.hpp'을(를) 컴파일하는 중)
  
C:\Users\WHK\source\repos\Lab07\exercise12\LinkedList.hpp(215,23): error C3861: 'NULL': 식별자를 찾을 수 없습니다.
  (소스 파일 'SumSquare.hpp'을(를) 컴파일하는 중)
  
C:\Users\WHK\source\repos\Lab07\exercise12\LinkedList.hpp(217,19): error C3861: 'm_pList': 식별자를 찾을 수 없습니다.
  (소스 파일 'SumSquare.hpp'을(를) 컴파일하는 중)
  
C:\Users\WHK\source\repos\Lab07\exercise12\LinkedList.hpp(215,23): error C2065: 'NULL': 선언되지 않은 식별자입니다.
  (소스 파일 'SumSquare.hpp'을(를) 컴파일하는 중)
  
C:\Users\WHK\source\repos\Lab07\exercise12\LinkedList.hpp(217,19): error C2065: 'm_pList': 선언되지 않은 식별자입니다.
  (소스 파일 'SumSquare.hpp'을(를) 컴파일하는 중)
  
C:\Users\WHK\source\repos\Lab07\exercise12\SumSquare.hpp(10,14): error C3861: 'NULL': 식별자를 찾을 수 없습니다.
C:\Users\WHK\source\repos\Lab07\exercise12\SumSquare.hpp(12,28): error C3861: 'NULL': 식별자를 찾을 수 없습니다.
C:\Users\WHK\source\repos\Lab07\exercise12\SumSquare.hpp(10,14): error C2065: 'NULL': 선언되지 않은 식별자입니다.
C:\Users\WHK\source\repos\Lab07\exercise12\SumSquare.hpp(12,28): error C2065: 'NULL': 선언되지 않은 식별자입니다.
C:\Users\WHK\source\repos\Lab07\exercise12\SumSquare.hpp(23,6): error C2065: 'llist': 선언되지 않은 식별자입니다.
C:\Users\WHK\source\repos\Lab07\exercise12\SumSquare.hpp(23,6): error C3861: 'llist': 식별자를 찾을 수 없습니다.
C:\Users\WHK\source\repos\Lab07\exercise12\SumSquare.hpp(23,15): error C3861: 'NULL': 식별자를 찾을 수 없습니다.
C:\Users\WHK\source\repos\Lab07\exercise12\SumSquare.hpp(23,15): error C2065: 'NULL': 선언되지 않은 식별자입니다.
C:\Users\WHK\source\repos\Lab07\exercise12\SumSquare.hpp(31,17): error C3861: 'NULL': 식별자를 찾을 수 없습니다.
C:\Users\WHK\source\repos\Lab07\exercise12\SumSquare.hpp(31,17): error C2065: 'NULL': 선언되지 않은 식별자입니다.
C:\Users\WHK\source\repos\Lab07\exercise12\SumSquare.hpp(43,14): error C3861: 'NULL': 식별자를 찾을 수 없습니다.
C:\Users\WHK\source\repos\Lab07\exercise12\SumSquare.hpp(43,14): error C2065: 'NULL': 선언되지 않은 식별자입니다.
C:\Users\WHK\source\repos\Lab07\exercise12\SumSquare.hpp(53,20): error C3861: 'NULL': 식별자를 찾을 수 없습니다.
C:\Users\WHK\source\repos\Lab07\exercise12\SumSquare.hpp(53,20): error C2065: 'NULL': 선언되지 않은 식별자입니다.
C:\Users\WHK\source\repos\Lab07\exercise12\SumSquare.hpp(62,14): error C3861: 'NULL': 식별자를 찾을 수 없습니다.
C:\Users\WHK\source\repos\Lab07\exercise12\SumSquare.hpp(62,14): error C2065: 'NULL': 선언되지 않은 식별자입니다.
  코드를 생성하고 있습니다...
